  Source.cpp
C:\Users\baris\OneDrive\Masaüstü\2. Dönem\164\Düzgün Github\UFO_HW3\UFO_HW3\Source.cpp(68,57): warning C4244: '=': conversion from 'double' to 'int', possible loss of data
C:\Users\baris\OneDrive\Masaüstü\2. Dönem\164\Düzgün Github\UFO_HW3\UFO_HW3\Source.cpp(83,28): warning C4244: '=': conversion from 'double' to 'float', possible loss of data
C:\Users\baris\OneDrive\Masaüstü\2. Dönem\164\Düzgün Github\UFO_HW3\UFO_HW3\Source.cpp(84,42): warning C4244: 'argument': conversion from 'double' to 'GLfloat', possible loss of data
C:\Users\baris\OneDrive\Masaüstü\2. Dönem\164\Düzgün Github\UFO_HW3\UFO_HW3\Source.cpp(84,22): warning C4244: 'argument': conversion from 'double' to 'GLfloat', possible loss of data
C:\Users\baris\OneDrive\Masaüstü\2. Dönem\164\Düzgün Github\UFO_HW3\UFO_HW3\Source.cpp(97,28): warning C4244: '=': conversion from 'double' to 'float', possible loss of data
C:\Users\baris\OneDrive\Masaüstü\2. Dönem\164\Düzgün Github\UFO_HW3\UFO_HW3\Source.cpp(98,42): warning C4244: 'argument': conversion from 'double' to 'GLfloat', possible loss of data
C:\Users\baris\OneDrive\Masaüstü\2. Dönem\164\Düzgün Github\UFO_HW3\UFO_HW3\Source.cpp(98,22): warning C4244: 'argument': conversion from 'double' to 'GLfloat', possible loss of data
C:\Users\baris\OneDrive\Masaüstü\2. Dönem\164\Düzgün Github\UFO_HW3\UFO_HW3\Source.cpp(107,22): warning C4244: 'argument': conversion from 'int' to 'GLfloat', possible loss of data
C:\Users\baris\OneDrive\Masaüstü\2. Dönem\164\Düzgün Github\UFO_HW3\UFO_HW3\Source.cpp(107,19): warning C4244: 'argument': conversion from 'int' to 'GLfloat', possible loss of data
C:\Users\baris\OneDrive\Masaüstü\2. Dönem\164\Düzgün Github\UFO_HW3\UFO_HW3\Source.cpp(126,22): warning C4244: 'argument': conversion from 'int' to 'GLfloat', possible loss of data
C:\Users\baris\OneDrive\Masaüstü\2. Dönem\164\Düzgün Github\UFO_HW3\UFO_HW3\Source.cpp(126,19): warning C4244: 'argument': conversion from 'int' to 'GLfloat', possible loss of data
C:\Users\baris\OneDrive\Masaüstü\2. Dönem\164\Düzgün Github\UFO_HW3\UFO_HW3\Source.cpp(142,21): warning C4244: 'argument': conversion from 'int' to 'GLfloat', possible loss of data
C:\Users\baris\OneDrive\Masaüstü\2. Dönem\164\Düzgün Github\UFO_HW3\UFO_HW3\Source.cpp(142,18): warning C4244: 'argument': conversion from 'int' to 'GLfloat', possible loss of data
C:\Users\baris\OneDrive\Masaüstü\2. Dönem\164\Düzgün Github\UFO_HW3\UFO_HW3\Source.cpp(159,26): warning C4244: 'argument': conversion from 'int' to 'GLfloat', possible loss of data
C:\Users\baris\OneDrive\Masaüstü\2. Dönem\164\Düzgün Github\UFO_HW3\UFO_HW3\Source.cpp(159,18): warning C4244: 'argument': conversion from 'int' to 'GLfloat', possible loss of data
C:\Users\baris\OneDrive\Masaüstü\2. Dönem\164\Düzgün Github\UFO_HW3\UFO_HW3\Source.cpp(160,23): warning C4244: 'argument': conversion from 'int' to 'GLfloat', possible loss of data
C:\Users\baris\OneDrive\Masaüstü\2. Dönem\164\Düzgün Github\UFO_HW3\UFO_HW3\Source.cpp(160,18): warning C4244: 'argument': conversion from 'int' to 'GLfloat', possible loss of data
C:\Users\baris\OneDrive\Masaüstü\2. Dönem\164\Düzgün Github\UFO_HW3\UFO_HW3\Source.cpp(163,23): warning C4244: 'argument': conversion from 'int' to 'GLfloat', possible loss of data
C:\Users\baris\OneDrive\Masaüstü\2. Dönem\164\Düzgün Github\UFO_HW3\UFO_HW3\Source.cpp(163,18): warning C4244: 'argument': conversion from 'int' to 'GLfloat', possible loss of data
C:\Users\baris\OneDrive\Masaüstü\2. Dönem\164\Düzgün Github\UFO_HW3\UFO_HW3\Source.cpp(164,21): warning C4244: 'argument': conversion from 'int' to 'GLfloat', possible loss of data
C:\Users\baris\OneDrive\Masaüstü\2. Dönem\164\Düzgün Github\UFO_HW3\UFO_HW3\Source.cpp(164,16): warning C4244: 'argument': conversion from 'int' to 'GLfloat', possible loss of data
C:\Users\baris\OneDrive\Masaüstü\2. Dönem\164\Düzgün Github\UFO_HW3\UFO_HW3\Source.cpp(167,21): warning C4244: 'argument': conversion from 'int' to 'GLfloat', possible loss of data
C:\Users\baris\OneDrive\Masaüstü\2. Dönem\164\Düzgün Github\UFO_HW3\UFO_HW3\Source.cpp(167,16): warning C4244: 'argument': conversion from 'int' to 'GLfloat', possible loss of data
C:\Users\baris\OneDrive\Masaüstü\2. Dönem\164\Düzgün Github\UFO_HW3\UFO_HW3\Source.cpp(168,23): warning C4244: 'argument': conversion from 'int' to 'GLfloat', possible loss of data
C:\Users\baris\OneDrive\Masaüstü\2. Dönem\164\Düzgün Github\UFO_HW3\UFO_HW3\Source.cpp(168,18): warning C4244: 'argument': conversion from 'int' to 'GLfloat', possible loss of data
C:\Users\baris\OneDrive\Masaüstü\2. Dönem\164\Düzgün Github\UFO_HW3\UFO_HW3\Source.cpp(171,23): warning C4244: 'argument': conversion from 'int' to 'GLfloat', possible loss of data
C:\Users\baris\OneDrive\Masaüstü\2. Dönem\164\Düzgün Github\UFO_HW3\UFO_HW3\Source.cpp(171,18): warning C4244: 'argument': conversion from 'int' to 'GLfloat', possible loss of data
C:\Users\baris\OneDrive\Masaüstü\2. Dönem\164\Düzgün Github\UFO_HW3\UFO_HW3\Source.cpp(172,26): warning C4244: 'argument': conversion from 'int' to 'GLfloat', possible loss of data
C:\Users\baris\OneDrive\Masaüstü\2. Dönem\164\Düzgün Github\UFO_HW3\UFO_HW3\Source.cpp(172,18): warning C4244: 'argument': conversion from 'int' to 'GLfloat', possible loss of data
C:\Users\baris\OneDrive\Masaüstü\2. Dönem\164\Düzgün Github\UFO_HW3\UFO_HW3\Source.cpp(180,47): warning C4305: 'argument': truncation from 'double' to 'GLfloat'
C:\Users\baris\OneDrive\Masaüstü\2. Dönem\164\Düzgün Github\UFO_HW3\UFO_HW3\Source.cpp(184,49): warning C4305: 'argument': truncation from 'double' to 'GLfloat'
C:\Users\baris\OneDrive\Masaüstü\2. Dönem\164\Düzgün Github\UFO_HW3\UFO_HW3\Source.cpp(198,43): warning C4305: 'argument': truncation from 'double' to 'float'
C:\Users\baris\OneDrive\Masaüstü\2. Dönem\164\Düzgün Github\UFO_HW3\UFO_HW3\Source.cpp(206,46): warning C4305: 'argument': truncation from 'double' to 'GLfloat'
C:\Users\baris\OneDrive\Masaüstü\2. Dönem\164\Düzgün Github\UFO_HW3\UFO_HW3\Source.cpp(208,47): warning C4305: 'argument': truncation from 'double' to 'GLfloat'
C:\Users\baris\OneDrive\Masaüstü\2. Dönem\164\Düzgün Github\UFO_HW3\UFO_HW3\Source.cpp(213,46): warning C4305: 'argument': truncation from 'double' to 'GLfloat'
C:\Users\baris\OneDrive\Masaüstü\2. Dönem\164\Düzgün Github\UFO_HW3\UFO_HW3\Source.cpp(215,24): warning C4244: 'argument': conversion from 'int' to 'GLfloat', possible loss of data
C:\Users\baris\OneDrive\Masaüstü\2. Dönem\164\Düzgün Github\UFO_HW3\UFO_HW3\Source.cpp(215,18): warning C4244: 'argument': conversion from 'int' to 'GLfloat', possible loss of data
C:\Users\baris\OneDrive\Masaüstü\2. Dönem\164\Düzgün Github\UFO_HW3\UFO_HW3\Source.cpp(216,26): warning C4244: 'argument': conversion from 'int' to 'GLfloat', possible loss of data
C:\Users\baris\OneDrive\Masaüstü\2. Dönem\164\Düzgün Github\UFO_HW3\UFO_HW3\Source.cpp(216,18): warning C4244: 'argument': conversion from 'int' to 'GLfloat', possible loss of data
C:\Users\baris\OneDrive\Masaüstü\2. Dönem\164\Düzgün Github\UFO_HW3\UFO_HW3\Source.cpp(217,26): warning C4244: 'argument': conversion from 'int' to 'GLfloat', possible loss of data
C:\Users\baris\OneDrive\Masaüstü\2. Dönem\164\Düzgün Github\UFO_HW3\UFO_HW3\Source.cpp(217,18): warning C4244: 'argument': conversion from 'int' to 'GLfloat', possible loss of data
C:\Users\baris\OneDrive\Masaüstü\2. Dönem\164\Düzgün Github\UFO_HW3\UFO_HW3\Source.cpp(218,24): warning C4244: 'argument': conversion from 'int' to 'GLfloat', possible loss of data
C:\Users\baris\OneDrive\Masaüstü\2. Dönem\164\Düzgün Github\UFO_HW3\UFO_HW3\Source.cpp(218,18): warning C4244: 'argument': conversion from 'int' to 'GLfloat', possible loss of data
C:\Users\baris\OneDrive\Masaüstü\2. Dönem\164\Düzgün Github\UFO_HW3\UFO_HW3\Source.cpp(223,24): warning C4244: 'argument': conversion from 'int' to 'GLfloat', possible loss of data
C:\Users\baris\OneDrive\Masaüstü\2. Dönem\164\Düzgün Github\UFO_HW3\UFO_HW3\Source.cpp(223,18): warning C4244: 'argument': conversion from 'int' to 'GLfloat', possible loss of data
C:\Users\baris\OneDrive\Masaüstü\2. Dönem\164\Düzgün Github\UFO_HW3\UFO_HW3\Source.cpp(224,26): warning C4244: 'argument': conversion from 'int' to 'GLfloat', possible loss of data
C:\Users\baris\OneDrive\Masaüstü\2. Dönem\164\Düzgün Github\UFO_HW3\UFO_HW3\Source.cpp(224,18): warning C4244: 'argument': conversion from 'int' to 'GLfloat', possible loss of data
C:\Users\baris\OneDrive\Masaüstü\2. Dönem\164\Düzgün Github\UFO_HW3\UFO_HW3\Source.cpp(225,26): warning C4244: 'argument': conversion from 'int' to 'GLfloat', possible loss of data
C:\Users\baris\OneDrive\Masaüstü\2. Dönem\164\Düzgün Github\UFO_HW3\UFO_HW3\Source.cpp(225,18): warning C4244: 'argument': conversion from 'int' to 'GLfloat', possible loss of data
C:\Users\baris\OneDrive\Masaüstü\2. Dönem\164\Düzgün Github\UFO_HW3\UFO_HW3\Source.cpp(226,24): warning C4244: 'argument': conversion from 'int' to 'GLfloat', possible loss of data
C:\Users\baris\OneDrive\Masaüstü\2. Dönem\164\Düzgün Github\UFO_HW3\UFO_HW3\Source.cpp(226,18): warning C4244: 'argument': conversion from 'int' to 'GLfloat', possible loss of data
C:\Users\baris\OneDrive\Masaüstü\2. Dönem\164\Düzgün Github\UFO_HW3\UFO_HW3\Source.cpp(229,47): warning C4305: 'argument': truncation from 'double' to 'GLfloat'
C:\Users\baris\OneDrive\Masaüstü\2. Dönem\164\Düzgün Github\UFO_HW3\UFO_HW3\Source.cpp(238,46): warning C4305: 'argument': truncation from 'double' to 'GLfloat'
C:\Users\baris\OneDrive\Masaüstü\2. Dönem\164\Düzgün Github\UFO_HW3\UFO_HW3\Source.cpp(240,32): warning C4244: 'argument': conversion from 'int' to 'GLfloat', possible loss of data
C:\Users\baris\OneDrive\Masaüstü\2. Dönem\164\Düzgün Github\UFO_HW3\UFO_HW3\Source.cpp(241,32): warning C4244: 'argument': conversion from 'int' to 'GLfloat', possible loss of data
C:\Users\baris\OneDrive\Masaüstü\2. Dönem\164\Düzgün Github\UFO_HW3\UFO_HW3\Source.cpp(242,32): warning C4244: 'argument': conversion from 'int' to 'GLfloat', possible loss of data
C:\Users\baris\OneDrive\Masaüstü\2. Dönem\164\Düzgün Github\UFO_HW3\UFO_HW3\Source.cpp(243,32): warning C4244: 'argument': conversion from 'int' to 'GLfloat', possible loss of data
C:\Users\baris\OneDrive\Masaüstü\2. Dönem\164\Düzgün Github\UFO_HW3\UFO_HW3\Source.cpp(247,32): warning C4244: 'argument': conversion from 'int' to 'GLfloat', possible loss of data
C:\Users\baris\OneDrive\Masaüstü\2. Dönem\164\Düzgün Github\UFO_HW3\UFO_HW3\Source.cpp(248,33): warning C4244: 'argument': conversion from 'int' to 'GLfloat', possible loss of data
C:\Users\baris\OneDrive\Masaüstü\2. Dönem\164\Düzgün Github\UFO_HW3\UFO_HW3\Source.cpp(249,33): warning C4244: 'argument': conversion from 'int' to 'GLfloat', possible loss of data
C:\Users\baris\OneDrive\Masaüstü\2. Dönem\164\Düzgün Github\UFO_HW3\UFO_HW3\Source.cpp(250,32): warning C4244: 'argument': conversion from 'int' to 'GLfloat', possible loss of data
C:\Users\baris\OneDrive\Masaüstü\2. Dönem\164\Düzgün Github\UFO_HW3\UFO_HW3\Source.cpp(253,48): warning C4305: 'argument': truncation from 'double' to 'GLfloat'
C:\Users\baris\OneDrive\Masaüstü\2. Dönem\164\Düzgün Github\UFO_HW3\UFO_HW3\Source.cpp(258,46): warning C4305: 'argument': truncation from 'double' to 'GLfloat'
C:\Users\baris\OneDrive\Masaüstü\2. Dönem\164\Düzgün Github\UFO_HW3\UFO_HW3\Source.cpp(260,31): warning C4244: 'argument': conversion from 'int' to 'GLfloat', possible loss of data
C:\Users\baris\OneDrive\Masaüstü\2. Dönem\164\Düzgün Github\UFO_HW3\UFO_HW3\Source.cpp(261,33): warning C4244: 'argument': conversion from 'int' to 'GLfloat', possible loss of data
C:\Users\baris\OneDrive\Masaüstü\2. Dönem\164\Düzgün Github\UFO_HW3\UFO_HW3\Source.cpp(262,33): warning C4244: 'argument': conversion from 'int' to 'GLfloat', possible loss of data
C:\Users\baris\OneDrive\Masaüstü\2. Dönem\164\Düzgün Github\UFO_HW3\UFO_HW3\Source.cpp(263,31): warning C4244: 'argument': conversion from 'int' to 'GLfloat', possible loss of data
C:\Users\baris\OneDrive\Masaüstü\2. Dönem\164\Düzgün Github\UFO_HW3\UFO_HW3\Source.cpp(268,31): warning C4244: 'argument': conversion from 'int' to 'GLfloat', possible loss of data
C:\Users\baris\OneDrive\Masaüstü\2. Dönem\164\Düzgün Github\UFO_HW3\UFO_HW3\Source.cpp(269,33): warning C4244: 'argument': conversion from 'int' to 'GLfloat', possible loss of data
C:\Users\baris\OneDrive\Masaüstü\2. Dönem\164\Düzgün Github\UFO_HW3\UFO_HW3\Source.cpp(270,33): warning C4244: 'argument': conversion from 'int' to 'GLfloat', possible loss of data
C:\Users\baris\OneDrive\Masaüstü\2. Dönem\164\Düzgün Github\UFO_HW3\UFO_HW3\Source.cpp(271,31): warning C4244: 'argument': conversion from 'int' to 'GLfloat', possible loss of data
C:\Users\baris\OneDrive\Masaüstü\2. Dönem\164\Düzgün Github\UFO_HW3\UFO_HW3\Source.cpp(274,47): warning C4305: 'argument': truncation from 'double' to 'GLfloat'
C:\Users\baris\OneDrive\Masaüstü\2. Dönem\164\Düzgün Github\UFO_HW3\UFO_HW3\Source.cpp(294,42): warning C4244: 'argument': conversion from 'double' to 'GLfloat', possible loss of data
C:\Users\baris\OneDrive\Masaüstü\2. Dönem\164\Düzgün Github\UFO_HW3\UFO_HW3\Source.cpp(294,24): warning C4244: 'argument': conversion from 'double' to 'GLfloat', possible loss of data
C:\Users\baris\OneDrive\Masaüstü\2. Dönem\164\Düzgün Github\UFO_HW3\UFO_HW3\Source.cpp(295,42): warning C4244: 'argument': conversion from 'double' to 'GLfloat', possible loss of data
C:\Users\baris\OneDrive\Masaüstü\2. Dönem\164\Düzgün Github\UFO_HW3\UFO_HW3\Source.cpp(295,24): warning C4244: 'argument': conversion from 'double' to 'GLfloat', possible loss of data
C:\Users\baris\OneDrive\Masaüstü\2. Dönem\164\Düzgün Github\UFO_HW3\UFO_HW3\Source.cpp(296,42): warning C4244: 'argument': conversion from 'double' to 'GLfloat', possible loss of data
C:\Users\baris\OneDrive\Masaüstü\2. Dönem\164\Düzgün Github\UFO_HW3\UFO_HW3\Source.cpp(296,24): warning C4244: 'argument': conversion from 'double' to 'GLfloat', possible loss of data
C:\Users\baris\OneDrive\Masaüstü\2. Dönem\164\Düzgün Github\UFO_HW3\UFO_HW3\Source.cpp(297,42): warning C4244: 'argument': conversion from 'double' to 'GLfloat', possible loss of data
C:\Users\baris\OneDrive\Masaüstü\2. Dönem\164\Düzgün Github\UFO_HW3\UFO_HW3\Source.cpp(297,24): warning C4244: 'argument': conversion from 'double' to 'GLfloat', possible loss of data
C:\Users\baris\OneDrive\Masaüstü\2. Dönem\164\Düzgün Github\UFO_HW3\UFO_HW3\Source.cpp(300,93): warning C4244: 'argument': conversion from 'double' to 'int', possible loss of data
C:\Users\baris\OneDrive\Masaüstü\2. Dönem\164\Düzgün Github\UFO_HW3\UFO_HW3\Source.cpp(300,50): warning C4244: 'argument': conversion from 'double' to 'int', possible loss of data
C:\Users\baris\OneDrive\Masaüstü\2. Dönem\164\Düzgün Github\UFO_HW3\UFO_HW3\Source.cpp(301,93): warning C4244: 'argument': conversion from 'double' to 'int', possible loss of data
C:\Users\baris\OneDrive\Masaüstü\2. Dönem\164\Düzgün Github\UFO_HW3\UFO_HW3\Source.cpp(301,50): warning C4244: 'argument': conversion from 'double' to 'int', possible loss of data
C:\Users\baris\OneDrive\Masaüstü\2. Dönem\164\Düzgün Github\UFO_HW3\UFO_HW3\Source.cpp(303,49): warning C4305: 'argument': truncation from 'double' to 'GLfloat'
C:\Users\baris\OneDrive\Masaüstü\2. Dönem\164\Düzgün Github\UFO_HW3\UFO_HW3\Source.cpp(309,42): warning C4244: 'argument': conversion from 'double' to 'GLfloat', possible loss of data
C:\Users\baris\OneDrive\Masaüstü\2. Dönem\164\Düzgün Github\UFO_HW3\UFO_HW3\Source.cpp(309,24): warning C4244: 'argument': conversion from 'double' to 'GLfloat', possible loss of data
C:\Users\baris\OneDrive\Masaüstü\2. Dönem\164\Düzgün Github\UFO_HW3\UFO_HW3\Source.cpp(310,42): warning C4244: 'argument': conversion from 'double' to 'GLfloat', possible loss of data
C:\Users\baris\OneDrive\Masaüstü\2. Dönem\164\Düzgün Github\UFO_HW3\UFO_HW3\Source.cpp(310,24): warning C4244: 'argument': conversion from 'double' to 'GLfloat', possible loss of data
C:\Users\baris\OneDrive\Masaüstü\2. Dönem\164\Düzgün Github\UFO_HW3\UFO_HW3\Source.cpp(314,42): warning C4244: 'argument': conversion from 'double' to 'GLfloat', possible loss of data
C:\Users\baris\OneDrive\Masaüstü\2. Dönem\164\Düzgün Github\UFO_HW3\UFO_HW3\Source.cpp(314,24): warning C4244: 'argument': conversion from 'double' to 'GLfloat', possible loss of data
C:\Users\baris\OneDrive\Masaüstü\2. Dönem\164\Düzgün Github\UFO_HW3\UFO_HW3\Source.cpp(315,42): warning C4244: 'argument': conversion from 'double' to 'GLfloat', possible loss of data
C:\Users\baris\OneDrive\Masaüstü\2. Dönem\164\Düzgün Github\UFO_HW3\UFO_HW3\Source.cpp(315,24): warning C4244: 'argument': conversion from 'double' to 'GLfloat', possible loss of data
C:\Users\baris\OneDrive\Masaüstü\2. Dönem\164\Düzgün Github\UFO_HW3\UFO_HW3\Source.cpp(553,15): warning C4244: 'argument': conversion from 'time_t' to 'unsigned int', possible loss of data
C:\Users\baris\OneDrive\Masaüstü\2. Dönem\164\Düzgün Github\UFO_HW3\UFO_HW3\Source.cpp(563,35): warning C4326: return type of 'main' should be 'int' instead of 'void'
  UFO_HW3.vcxproj -> C:\Users\baris\OneDrive\Masaüstü\2. Dönem\164\Düzgün Github\UFO_HW3\Debug\UFO_HW3.exe
